Rendering to 1024x1024 image
Loaded scene with 10 circles
Loaded scene with 10 circles
---------------------------------------------------------
Initializing CUDA for CudaRenderer
Found 1 CUDA devices
Device 0: NVIDIA GeForce RTX 4060 Laptop GPU
   SMs:        24
   Global mem: 8188 MB
   CUDA Cap:   8.9
---------------------------------------------------------

Running benchmark, 1 frames, beginning at frame 0 ...
Dumping frames to output_xxx.ppm
Copying image data from device
Wrote image file output_0000.ppm
Copying image data from device
***************** Correctness check passed **************************
Clear:    0.0970 ms
Advance:  0.0724 ms
Render:   0.1109 ms
Total:    0.2803 ms
File IO:  18.3173 ms

Overall:  0.0277 sec (note units are seconds)
